/home/ubuntu/.local/lib/python3.8/site-packages/pkg_resources/__init__.py:123: PkgResourcesDeprecationWarning: 0.23ubuntu1 is an invalid version and will not be supported in a future release
  warnings.warn(
/home/ubuntu/.local/lib/python3.8/site-packages/pkg_resources/__init__.py:123: PkgResourcesDeprecationWarning: 0.1.36ubuntu1 is an invalid version and will not be supported in a future release
  warnings.warn(
Found cached dataset code_x_glue_ct_code_to_text (/home/ubuntu/.cache/huggingface/datasets/code_x_glue_ct_code_to_text/python/0.0.0/f8b7e9d51f609a87e7ec7c7431706d4ee0b402e3398560410313d4acc67060a0)
  0%|          | 0/3 [00:00<?, ?it/s]100%|██████████| 3/3 [00:00<00:00, 438.92it/s]
iter 0
iter 1
iter 2
iter 3
iter 4
iter 5
iter 6
iter 7
iter 8
iter 9
iter 10
iter 11
iter 12
iter 13
iter 14
iter 15
iter 16
iter 17
iter 18
iter 19
iter 20
iter 21
iter 22
iter 23
iter 24
iter 25
iter 26
iter 27
iter 28
iter 29
iter 30
iter 31
iter 32
iter 33
iter 34
iter 35
iter 36
iter 37
iter 38
iter 39
iter 40
iter 41
iter 42
iter 43
iter 44
iter 45
iter 46
iter 47
iter 48
iter 49
iter 50
iter 51
iter 52
iter 53
iter 54
iter 55
iter 56
iter 57
iter 58
iter 59
iter 60
iter 61
iter 62
iter 63
iter 64
iter 65
iter 66
iter 67
iter 68
iter 69
iter 70
iter 71
iter 72
iter 73
iter 74
iter 75
iter 76
Traceback (most recent call last):
  File "/home/ubuntu/Documents/testing-trelent/compile_data.py", line 77, in <module>
    trelent_results += get_trelent_result(data_entry) + "\n====SPLIT====\n"
  File "/home/ubuntu/Documents/testing-trelent/compile_data.py", line 48, in get_trelent_result
    docstr = response.json()["data"]["docstring"]
TypeError: 'NoneType' object is not subscriptable
